<?xml version="1.0" encoding="UTF-8"?>
<!-- Generated by org.testng.reporters.JUnitReportReporter -->
<testsuite skipped="0" hostname="DESKTOP-22JM805" name="testng_pack.NewTest" tests="1" failures="0" timestamp="06 Jul 2019 13:32:19 GMT" time="0.013" errors="0">
  <testcase name="f" time="0.013" classname="testng_pack.NewTest"/>
</testsuite> <!-- testng_pack.NewTest -->
