<?xml version="1.0" encoding="UTF-8"?>
<!-- Generated by org.testng.reporters.JUnitReportReporter -->
<testsuite skipped="0" hostname="DESKTOP-22JM805" name="testng_pack.Test_app" tests="3" failures="0" timestamp="06 Jul 2019 13:32:19 GMT" time="26.283" errors="0">
  <testcase name="links" time="8.008" classname="testng_pack.Test_app"/>
  <testcase name="validate_field" time="5.727" classname="testng_pack.Test_app"/>
  <testcase name="win_close" time="12.548" classname="testng_pack.Test_app"/>
</testsuite> <!-- testng_pack.Test_app -->
